<?xml version="1.0" encoding="UTF-8"?>
<testsuite name="models.NewsTest" tests="5" skipped="0" failures="0" errors="0" timestamp="2020-05-12T02:55:31" hostname="Alienware" time="0.001">
  <properties/>
  <testcase name="getCorrectID" classname="models.NewsTest" time="0.0"/>
  <testcase name="getCorrectContent" classname="models.NewsTest" time="0.0"/>
  <testcase name="getCorrectTitle" classname="models.NewsTest" time="0.0"/>
  <testcase name="ObjectNewsInstantiatesCorrectly" classname="models.NewsTest" time="0.0"/>
  <testcase name="getCorrectAuthor" classname="models.NewsTest" time="0.0"/>
  <system-out><![CDATA[]]></system-out>
  <system-err><![CDATA[]]></system-err>
</testsuite>
