<?xml version="1.0" encoding="UTF-8"?>
<testsuite name="models.UserTest" tests="5" skipped="0" failures="0" errors="0" timestamp="2020-05-10T16:56:47" hostname="Alienware" time="0.01">
  <properties/>
  <testcase name="getCOrrectID" classname="models.UserTest" time="0.004"/>
  <testcase name="getCorrectPosition" classname="models.UserTest" time="0.0"/>
  <testcase name="testifUserInstantiatesCorrectly" classname="models.UserTest" time="0.0"/>
  <testcase name="getName_returnsCorrectName_String" classname="models.UserTest" time="0.0"/>
  <testcase name="getRole_returnsCorrectRole_true" classname="models.UserTest" time="0.0"/>
  <system-out><![CDATA[]]></system-out>
  <system-err><![CDATA[]]></system-err>
</testsuite>
