<?xml version="1.0" encoding="UTF-8"?>
<testsuite name="models.DepartmentsTest" tests="3" skipped="0" failures="0" errors="0" timestamp="2020-05-11T14:39:47" hostname="Alienware" time="0.003">
  <properties/>
  <testcase name="getCorrectNoEmployees" classname="models.DepartmentsTest" time="0.001"/>
  <testcase name="getCorrectName" classname="models.DepartmentsTest" time="0.0"/>
  <testcase name="getCorrectDescription" classname="models.DepartmentsTest" time="0.0"/>
  <system-out><![CDATA[]]></system-out>
  <system-err><![CDATA[]]></system-err>
</testsuite>
